--------------- Rebuild Started: 05/04/2023 19:19:33 Project: CY8C4146AZI-S455_64KB_L, Configuration: ARM GCC 5.4-2016-q2-update Debug ---------------
Deleting file ".\CortexM0p\ARM_GCC_541\Debug\main.o"
Deleting file ".\CortexM0p\ARM_GCC_541\Debug\cyfitter_cfg.o"
Deleting file ".\CortexM0p\ARM_GCC_541\Debug\cymetadata.o"
Deleting file ".\CortexM0p\ARM_GCC_541\Debug\Cm0plusStart.o"
Deleting file ".\CortexM0p\ARM_GCC_541\Debug\CyFlash.o"
Deleting file ".\CortexM0p\ARM_GCC_541\Debug\CyLib.o"
Deleting file ".\CortexM0p\ARM_GCC_541\Debug\cyPm.o"
Deleting file ".\CortexM0p\ARM_GCC_541\Debug\cyutils.o"
Deleting file ".\CortexM0p\ARM_GCC_541\Debug\CyBootAsmGnu.o"
Deleting file ".\CortexM0p\ARM_GCC_541\Debug\CyDMA.o"
Deleting file ".\CortexM0p\ARM_GCC_541\Debug\CyLFClk.o"
Deleting file ".\CortexM0p\ARM_GCC_541\Debug\cy_em_eeprom.o"
Deleting file ".\CortexM0p\ARM_GCC_541\Debug\CapSense_1_Control.o"
Deleting file ".\CortexM0p\ARM_GCC_541\Debug\CapSense_1_Processing.o"
Deleting file ".\CortexM0p\ARM_GCC_541\Debug\CapSense_1_Structure.o"
Deleting file ".\CortexM0p\ARM_GCC_541\Debug\CapSense_1_Tuner.o"
Deleting file ".\CortexM0p\ARM_GCC_541\Debug\CapSense_1_Filter.o"
Deleting file ".\CortexM0p\ARM_GCC_541\Debug\CapSense_1_Sensing.o"
Deleting file ".\CortexM0p\ARM_GCC_541\Debug\CapSense_1_INT.o"
Deleting file ".\CortexM0p\ARM_GCC_541\Debug\CapSense_1_SensingCSD_LL.o"
Deleting file ".\CortexM0p\ARM_GCC_541\Debug\CapSense_1_Centroid_LL.o"
Deleting file ".\CortexM0p\ARM_GCC_541\Debug\PWM_1.o"
Deleting file ".\CortexM0p\ARM_GCC_541\Debug\PWM_1_PM.o"
Deleting file ".\CortexM0p\ARM_GCC_541\Debug\Pin_1.o"
Deleting file ".\CortexM0p\ARM_GCC_541\Debug\Pin_1_PM.o"
Deleting file ".\CortexM0p\ARM_GCC_541\Debug\Pin_2.o"
Deleting file ".\CortexM0p\ARM_GCC_541\Debug\Pin_2_PM.o"
Deleting file ".\CortexM0p\ARM_GCC_541\Debug\Pin_3.o"
Deleting file ".\CortexM0p\ARM_GCC_541\Debug\Pin_3_PM.o"
Deleting file ".\CortexM0p\ARM_GCC_541\Debug\Pin_4.o"
Deleting file ".\CortexM0p\ARM_GCC_541\Debug\Pin_4_PM.o"
Deleting file ".\CortexM0p\ARM_GCC_541\Debug\SPI_1.o"
Deleting file ".\CortexM0p\ARM_GCC_541\Debug\SPI_1_SPI_UART.o"
Deleting file ".\CortexM0p\ARM_GCC_541\Debug\SPI_1_PM.o"
Deleting file ".\CortexM0p\ARM_GCC_541\Debug\SPI_1_SPI.o"
Deleting file ".\CortexM0p\ARM_GCC_541\Debug\SPI_1_BOOT.o"
Deleting file ".\CortexM0p\ARM_GCC_541\Debug\SPI_1_SPI_BOOT.o"
Deleting file ".\CortexM0p\ARM_GCC_541\Debug\Clock_1.o"
Deleting file ".\CortexM0p\ARM_GCC_541\Debug\UART_1.o"
Deleting file ".\CortexM0p\ARM_GCC_541\Debug\UART_1_SPI_UART.o"
Deleting file ".\CortexM0p\ARM_GCC_541\Debug\UART_1_SPI_UART_INT.o"
Deleting file ".\CortexM0p\ARM_GCC_541\Debug\UART_1_PM.o"
Deleting file ".\CortexM0p\ARM_GCC_541\Debug\UART_1_UART.o"
Deleting file ".\CortexM0p\ARM_GCC_541\Debug\UART_1_BOOT.o"
Deleting file ".\CortexM0p\ARM_GCC_541\Debug\UART_1_UART_BOOT.o"
Deleting file ".\CortexM0p\ARM_GCC_541\Debug\Pin_5.o"
Deleting file ".\CortexM0p\ARM_GCC_541\Debug\Pin_5_PM.o"
Deleting file ".\CortexM0p\ARM_GCC_541\Debug\Clock_2.o"
Deleting file ".\CortexM0p\ARM_GCC_541\Debug\ADC_SAR_Seq_1.o"
Deleting file ".\CortexM0p\ARM_GCC_541\Debug\ADC_SAR_Seq_1_PM.o"
Deleting file ".\CortexM0p\ARM_GCC_541\Debug\ADC_SAR_Seq_1_INT.o"
Deleting file ".\CortexM0p\ARM_GCC_541\Debug\Pin_6.o"
Deleting file ".\CortexM0p\ARM_GCC_541\Debug\Pin_6_PM.o"
Deleting file ".\CortexM0p\ARM_GCC_541\Debug\CapSense_1_ISR.o"
Deleting file ".\CortexM0p\ARM_GCC_541\Debug\SPI_1_sclk_m.o"
Deleting file ".\CortexM0p\ARM_GCC_541\Debug\SPI_1_sclk_m_PM.o"
Deleting file ".\CortexM0p\ARM_GCC_541\Debug\SPI_1_miso_m.o"
Deleting file ".\CortexM0p\ARM_GCC_541\Debug\SPI_1_miso_m_PM.o"
Deleting file ".\CortexM0p\ARM_GCC_541\Debug\SPI_1_mosi_m.o"
Deleting file ".\CortexM0p\ARM_GCC_541\Debug\SPI_1_mosi_m_PM.o"
Deleting file ".\CortexM0p\ARM_GCC_541\Debug\UART_1_SCBCLK.o"
Deleting file ".\CortexM0p\ARM_GCC_541\Debug\UART_1_tx.o"
Deleting file ".\CortexM0p\ARM_GCC_541\Debug\UART_1_tx_PM.o"
Deleting file ".\CortexM0p\ARM_GCC_541\Debug\UART_1_rx.o"
Deleting file ".\CortexM0p\ARM_GCC_541\Debug\UART_1_rx_PM.o"
Deleting file ".\CortexM0p\ARM_GCC_541\Debug\ADC_SAR_Seq_1_IRQ.o"
Deleting file ".\CortexM0p\ARM_GCC_541\Debug\ADC_SAR_Seq_1_intClock.o"
Deleting file ".\CortexM0p\ARM_GCC_541\Debug\CY8C4146AZI-S455_64KB_L.hex"
Deleting file ".\CortexM0p\ARM_GCC_541\Debug\CY8C4146AZI-S455_64KB_L.elf"
Deleting file ".\CortexM0p\ARM_GCC_541\Debug\CY8C4146AZI-S455_64KB_L.map"
Deleting file ".\CY8C4146AZI-S455_64KB_L.cycdx"
Deleting file ".\CY8C4146AZI-S455_64KB_L.rpt"
Deleting file ".\CortexM0p\ARM_GCC_541\Debug\.deps\SOURCE_C__ARM_GCC_GENERIC.P"
Deleting file ".\CortexM0p\ARM_GCC_541\Debug\.deps\SOURCE_ASM__ARM_GCC_GENERIC.P"
cydsfit.exe -.appdatapath "C:\Users\exp32\AppData\Local\Cypress Semiconductor\PSoC Creator\4.4" -.fdsnotice -.fdswarpdepfile=warp_dependencies.txt -.fdselabdepfile=elab_dependencies.txt -.fdsbldfile=generated_files.txt -.fdsreffile=referenced_files.txt -p "C:\Users\exp32\Documents\PSoC Creator\Workspace01\CY8C4146AZI-S455_64KB_L.cydsn\CY8C4146AZI-S455_64KB_L.cyprj" -d CY8C4146AZI-S455 -s "C:\Users\exp32\Documents\PSoC Creator\Workspace01\CY8C4146AZI-S455_64KB_L.cydsn\Generated_Source\PSoC4" -- -yv2 -q10 -ygs -o2 -v3 -.fftcfgtype=LE
--------------- Rebuild Canceled: 05/04/2023 19:19:37 ---------------
