ARM GAS  C:\Users\exp32\AppData\Local\Temp\ccyEZEVA.s 			page 1


   1              		.syntax unified
   2              		.cpu cortex-m0plus
   3              		.fpu softvfp
   4              		.eabi_attribute 20, 1
   5              		.eabi_attribute 21, 1
   6              		.eabi_attribute 23, 3
   7              		.eabi_attribute 24, 1
   8              		.eabi_attribute 25, 1
   9              		.eabi_attribute 26, 1
  10              		.eabi_attribute 30, 1
  11              		.eabi_attribute 34, 0
  12              		.eabi_attribute 18, 4
  13              		.thumb
  14              		.syntax unified
  15              		.file	"cyfitter_cfg.c"
  16              		.text
  17              	.Ltext0:
  18              		.cfi_sections	.debug_frame
  19              		.section	.psocinit,"ax",%progbits
  20              		.align	2
  21              		.code	16
  22              		.thumb_func
  23              		.type	ClockSetup, %function
  24              	ClockSetup:
  25              	.LFB4:
  26              		.file 1 "Generated_Source\\PSoC4\\cyfitter_cfg.c"
   1:Generated_Source\PSoC4/cyfitter_cfg.c **** 
   2:Generated_Source\PSoC4/cyfitter_cfg.c **** /*******************************************************************************
   3:Generated_Source\PSoC4/cyfitter_cfg.c **** * File Name: cyfitter_cfg.c
   4:Generated_Source\PSoC4/cyfitter_cfg.c **** * 
   5:Generated_Source\PSoC4/cyfitter_cfg.c **** * PSoC Creator  4.4
   6:Generated_Source\PSoC4/cyfitter_cfg.c **** *
   7:Generated_Source\PSoC4/cyfitter_cfg.c **** * Description:
   8:Generated_Source\PSoC4/cyfitter_cfg.c **** * This file contains device initialization code.
   9:Generated_Source\PSoC4/cyfitter_cfg.c **** * Except for the user defined sections in CyClockStartupError(), this file should not be modified.
  10:Generated_Source\PSoC4/cyfitter_cfg.c **** * This file is automatically generated by PSoC Creator.
  11:Generated_Source\PSoC4/cyfitter_cfg.c **** *
  12:Generated_Source\PSoC4/cyfitter_cfg.c **** ********************************************************************************
  13:Generated_Source\PSoC4/cyfitter_cfg.c **** * Copyright (c) 2007-2020 Cypress Semiconductor.  All rights reserved.
  14:Generated_Source\PSoC4/cyfitter_cfg.c **** * You may use this file only in accordance with the license, terms, conditions, 
  15:Generated_Source\PSoC4/cyfitter_cfg.c **** * disclaimers, and limitations in the end user license agreement accompanying 
  16:Generated_Source\PSoC4/cyfitter_cfg.c **** * the software package with which this file was provided.
  17:Generated_Source\PSoC4/cyfitter_cfg.c **** ********************************************************************************/
  18:Generated_Source\PSoC4/cyfitter_cfg.c **** 
  19:Generated_Source\PSoC4/cyfitter_cfg.c **** #include <string.h>
  20:Generated_Source\PSoC4/cyfitter_cfg.c **** #include "cytypes.h"
  21:Generated_Source\PSoC4/cyfitter_cfg.c **** #include "cydevice_trm.h"
  22:Generated_Source\PSoC4/cyfitter_cfg.c **** #include "cyfitter.h"
  23:Generated_Source\PSoC4/cyfitter_cfg.c **** #include "CyLib.h"
  24:Generated_Source\PSoC4/cyfitter_cfg.c **** #include "CyLFClk.h"
  25:Generated_Source\PSoC4/cyfitter_cfg.c **** #include "cyfitter_cfg.h"
  26:Generated_Source\PSoC4/cyfitter_cfg.c **** #include "cyapicallbacks.h"
  27:Generated_Source\PSoC4/cyfitter_cfg.c **** 
  28:Generated_Source\PSoC4/cyfitter_cfg.c **** 
  29:Generated_Source\PSoC4/cyfitter_cfg.c **** #if defined(__GNUC__) || defined(__ARMCC_VERSION)
  30:Generated_Source\PSoC4/cyfitter_cfg.c ****     #define CYPACKED 
  31:Generated_Source\PSoC4/cyfitter_cfg.c ****     #define CYPACKED_ATTR __attribute__ ((packed))
ARM GAS  C:\Users\exp32\AppData\Local\Temp\ccyEZEVA.s 			page 2


  32:Generated_Source\PSoC4/cyfitter_cfg.c ****     #define CYALIGNED __attribute__ ((aligned))
  33:Generated_Source\PSoC4/cyfitter_cfg.c ****     #define CY_CFG_UNUSED __attribute__ ((unused))
  34:Generated_Source\PSoC4/cyfitter_cfg.c ****     #ifndef CY_CFG_SECTION
  35:Generated_Source\PSoC4/cyfitter_cfg.c ****         #define CY_CFG_SECTION __attribute__ ((section(".psocinit")))
  36:Generated_Source\PSoC4/cyfitter_cfg.c ****     #endif
  37:Generated_Source\PSoC4/cyfitter_cfg.c ****     
  38:Generated_Source\PSoC4/cyfitter_cfg.c ****     #if defined(__ARMCC_VERSION)
  39:Generated_Source\PSoC4/cyfitter_cfg.c ****         #define CY_CFG_MEMORY_BARRIER() __memory_changed()
  40:Generated_Source\PSoC4/cyfitter_cfg.c ****     #else
  41:Generated_Source\PSoC4/cyfitter_cfg.c ****         #define CY_CFG_MEMORY_BARRIER() __sync_synchronize()
  42:Generated_Source\PSoC4/cyfitter_cfg.c ****     #endif
  43:Generated_Source\PSoC4/cyfitter_cfg.c ****     
  44:Generated_Source\PSoC4/cyfitter_cfg.c **** #elif defined(__ICCARM__)
  45:Generated_Source\PSoC4/cyfitter_cfg.c ****     #include <intrinsics.h>
  46:Generated_Source\PSoC4/cyfitter_cfg.c **** 
  47:Generated_Source\PSoC4/cyfitter_cfg.c ****     #define CYPACKED __packed
  48:Generated_Source\PSoC4/cyfitter_cfg.c ****     #define CYPACKED_ATTR 
  49:Generated_Source\PSoC4/cyfitter_cfg.c ****     #define CYALIGNED _Pragma("data_alignment=4")
  50:Generated_Source\PSoC4/cyfitter_cfg.c ****     #define CY_CFG_UNUSED _Pragma("diag_suppress=Pe177")
  51:Generated_Source\PSoC4/cyfitter_cfg.c ****     #define CY_CFG_SECTION _Pragma("location=\".psocinit\"")
  52:Generated_Source\PSoC4/cyfitter_cfg.c ****     
  53:Generated_Source\PSoC4/cyfitter_cfg.c ****     #define CY_CFG_MEMORY_BARRIER() __DMB()
  54:Generated_Source\PSoC4/cyfitter_cfg.c ****     
  55:Generated_Source\PSoC4/cyfitter_cfg.c **** #else
  56:Generated_Source\PSoC4/cyfitter_cfg.c ****     #error Unsupported toolchain
  57:Generated_Source\PSoC4/cyfitter_cfg.c **** #endif
  58:Generated_Source\PSoC4/cyfitter_cfg.c **** 
  59:Generated_Source\PSoC4/cyfitter_cfg.c **** #ifndef CYCODE
  60:Generated_Source\PSoC4/cyfitter_cfg.c ****     #define CYCODE
  61:Generated_Source\PSoC4/cyfitter_cfg.c **** #endif
  62:Generated_Source\PSoC4/cyfitter_cfg.c **** #ifndef CYDATA
  63:Generated_Source\PSoC4/cyfitter_cfg.c ****     #define CYDATA
  64:Generated_Source\PSoC4/cyfitter_cfg.c **** #endif
  65:Generated_Source\PSoC4/cyfitter_cfg.c **** #ifndef CYFAR
  66:Generated_Source\PSoC4/cyfitter_cfg.c ****     #define CYFAR
  67:Generated_Source\PSoC4/cyfitter_cfg.c **** #endif
  68:Generated_Source\PSoC4/cyfitter_cfg.c **** #ifndef CYXDATA
  69:Generated_Source\PSoC4/cyfitter_cfg.c ****     #define CYXDATA
  70:Generated_Source\PSoC4/cyfitter_cfg.c **** #endif
  71:Generated_Source\PSoC4/cyfitter_cfg.c **** 
  72:Generated_Source\PSoC4/cyfitter_cfg.c **** 
  73:Generated_Source\PSoC4/cyfitter_cfg.c **** CY_CFG_UNUSED
  74:Generated_Source\PSoC4/cyfitter_cfg.c **** static void CYMEMZERO(void *s, size_t n);
  75:Generated_Source\PSoC4/cyfitter_cfg.c **** CY_CFG_UNUSED
  76:Generated_Source\PSoC4/cyfitter_cfg.c **** static void CYMEMZERO(void *s, size_t n)
  77:Generated_Source\PSoC4/cyfitter_cfg.c **** {
  78:Generated_Source\PSoC4/cyfitter_cfg.c **** 	(void)memset(s, 0, n);
  79:Generated_Source\PSoC4/cyfitter_cfg.c **** }
  80:Generated_Source\PSoC4/cyfitter_cfg.c **** CY_CFG_UNUSED
  81:Generated_Source\PSoC4/cyfitter_cfg.c **** static void CYCONFIGCPY(void *dest, const void *src, size_t n);
  82:Generated_Source\PSoC4/cyfitter_cfg.c **** CY_CFG_UNUSED
  83:Generated_Source\PSoC4/cyfitter_cfg.c **** static void CYCONFIGCPY(void *dest, const void *src, size_t n)
  84:Generated_Source\PSoC4/cyfitter_cfg.c **** {
  85:Generated_Source\PSoC4/cyfitter_cfg.c **** 	(void)memcpy(dest, src, n);
  86:Generated_Source\PSoC4/cyfitter_cfg.c **** }
  87:Generated_Source\PSoC4/cyfitter_cfg.c **** CY_CFG_UNUSED
  88:Generated_Source\PSoC4/cyfitter_cfg.c **** static void CYCONFIGCPYCODE(void *dest, const void *src, size_t n);
ARM GAS  C:\Users\exp32\AppData\Local\Temp\ccyEZEVA.s 			page 3


  89:Generated_Source\PSoC4/cyfitter_cfg.c **** CY_CFG_UNUSED
  90:Generated_Source\PSoC4/cyfitter_cfg.c **** static void CYCONFIGCPYCODE(void *dest, const void *src, size_t n)
  91:Generated_Source\PSoC4/cyfitter_cfg.c **** {
  92:Generated_Source\PSoC4/cyfitter_cfg.c **** 	(void)memcpy(dest, src, n);
  93:Generated_Source\PSoC4/cyfitter_cfg.c **** }
  94:Generated_Source\PSoC4/cyfitter_cfg.c **** 
  95:Generated_Source\PSoC4/cyfitter_cfg.c **** 
  96:Generated_Source\PSoC4/cyfitter_cfg.c **** 
  97:Generated_Source\PSoC4/cyfitter_cfg.c **** 
  98:Generated_Source\PSoC4/cyfitter_cfg.c **** /* Clock startup error codes                                                   */
  99:Generated_Source\PSoC4/cyfitter_cfg.c **** #define CYCLOCKSTART_NO_ERROR    0u
 100:Generated_Source\PSoC4/cyfitter_cfg.c **** #define CYCLOCKSTART_XTAL_ERROR  1u
 101:Generated_Source\PSoC4/cyfitter_cfg.c **** #define CYCLOCKSTART_32KHZ_ERROR 2u
 102:Generated_Source\PSoC4/cyfitter_cfg.c **** #define CYCLOCKSTART_PLL_ERROR   3u
 103:Generated_Source\PSoC4/cyfitter_cfg.c **** #define CYCLOCKSTART_FLL_ERROR   4u
 104:Generated_Source\PSoC4/cyfitter_cfg.c **** #define CYCLOCKSTART_WCO_ERROR   5u
 105:Generated_Source\PSoC4/cyfitter_cfg.c **** 
 106:Generated_Source\PSoC4/cyfitter_cfg.c **** 
 107:Generated_Source\PSoC4/cyfitter_cfg.c **** #ifdef CY_NEED_CYCLOCKSTARTUPERROR
 108:Generated_Source\PSoC4/cyfitter_cfg.c **** /*******************************************************************************
 109:Generated_Source\PSoC4/cyfitter_cfg.c **** * Function Name: CyClockStartupError
 110:Generated_Source\PSoC4/cyfitter_cfg.c **** ********************************************************************************
 111:Generated_Source\PSoC4/cyfitter_cfg.c **** * Summary:
 112:Generated_Source\PSoC4/cyfitter_cfg.c **** *  If an error is encountered during clock configuration (crystal startup error,
 113:Generated_Source\PSoC4/cyfitter_cfg.c **** *  PLL lock error, etc.), the system will end up here.  Unless reimplemented by
 114:Generated_Source\PSoC4/cyfitter_cfg.c **** *  the customer, this function will stop in an infinite loop.
 115:Generated_Source\PSoC4/cyfitter_cfg.c **** *
 116:Generated_Source\PSoC4/cyfitter_cfg.c **** * Parameters:
 117:Generated_Source\PSoC4/cyfitter_cfg.c **** *   void
 118:Generated_Source\PSoC4/cyfitter_cfg.c **** *
 119:Generated_Source\PSoC4/cyfitter_cfg.c **** * Return:
 120:Generated_Source\PSoC4/cyfitter_cfg.c **** *   void
 121:Generated_Source\PSoC4/cyfitter_cfg.c **** *
 122:Generated_Source\PSoC4/cyfitter_cfg.c **** *******************************************************************************/
 123:Generated_Source\PSoC4/cyfitter_cfg.c **** CY_CFG_UNUSED
 124:Generated_Source\PSoC4/cyfitter_cfg.c **** static void CyClockStartupError(uint8 errorCode);
 125:Generated_Source\PSoC4/cyfitter_cfg.c **** CY_CFG_UNUSED
 126:Generated_Source\PSoC4/cyfitter_cfg.c **** static void CyClockStartupError(uint8 errorCode)
 127:Generated_Source\PSoC4/cyfitter_cfg.c **** {
 128:Generated_Source\PSoC4/cyfitter_cfg.c ****     /* To remove the compiler warning if errorCode not used.                */
 129:Generated_Source\PSoC4/cyfitter_cfg.c ****     errorCode = errorCode;
 130:Generated_Source\PSoC4/cyfitter_cfg.c **** 
 131:Generated_Source\PSoC4/cyfitter_cfg.c ****     /* If we have a clock startup error (bad MHz crystal, PLL lock, etc.),  */
 132:Generated_Source\PSoC4/cyfitter_cfg.c ****     /* we will end up here to allow the customer to implement something to  */
 133:Generated_Source\PSoC4/cyfitter_cfg.c ****     /* deal with the clock condition.                                       */
 134:Generated_Source\PSoC4/cyfitter_cfg.c **** 
 135:Generated_Source\PSoC4/cyfitter_cfg.c **** #ifdef CY_CFG_CLOCK_STARTUP_ERROR_CALLBACK
 136:Generated_Source\PSoC4/cyfitter_cfg.c ****     CY_CFG_Clock_Startup_ErrorCallback();
 137:Generated_Source\PSoC4/cyfitter_cfg.c **** #else
 138:Generated_Source\PSoC4/cyfitter_cfg.c ****     /*  If not using CY_CFG_CLOCK_STARTUP_ERROR_CALLBACK, place your clock startup code here. */
 139:Generated_Source\PSoC4/cyfitter_cfg.c ****     /* `#START CyClockStartupError` */
 140:Generated_Source\PSoC4/cyfitter_cfg.c **** 
 141:Generated_Source\PSoC4/cyfitter_cfg.c **** 
 142:Generated_Source\PSoC4/cyfitter_cfg.c **** 
 143:Generated_Source\PSoC4/cyfitter_cfg.c ****     /* `#END` */
 144:Generated_Source\PSoC4/cyfitter_cfg.c **** 
 145:Generated_Source\PSoC4/cyfitter_cfg.c ****     while(1) {}
ARM GAS  C:\Users\exp32\AppData\Local\Temp\ccyEZEVA.s 			page 4


 146:Generated_Source\PSoC4/cyfitter_cfg.c **** #endif /* CY_CFG_CLOCK_STARTUP_ERROR_CALLBACK */
 147:Generated_Source\PSoC4/cyfitter_cfg.c **** }
 148:Generated_Source\PSoC4/cyfitter_cfg.c **** #endif
 149:Generated_Source\PSoC4/cyfitter_cfg.c **** 
 150:Generated_Source\PSoC4/cyfitter_cfg.c **** 
 151:Generated_Source\PSoC4/cyfitter_cfg.c **** 
 152:Generated_Source\PSoC4/cyfitter_cfg.c **** /*******************************************************************************
 153:Generated_Source\PSoC4/cyfitter_cfg.c **** * Function Name: ClockSetup
 154:Generated_Source\PSoC4/cyfitter_cfg.c **** ********************************************************************************
 155:Generated_Source\PSoC4/cyfitter_cfg.c **** *
 156:Generated_Source\PSoC4/cyfitter_cfg.c **** * Summary:
 157:Generated_Source\PSoC4/cyfitter_cfg.c **** *   Performs the initialization of all of the clocks in the device based on the
 158:Generated_Source\PSoC4/cyfitter_cfg.c **** *   settings in the Clock tab of the DWR.  This includes enabling the requested
 159:Generated_Source\PSoC4/cyfitter_cfg.c **** *   clocks and setting the necessary dividers to produce the desired frequency. 
 160:Generated_Source\PSoC4/cyfitter_cfg.c **** *
 161:Generated_Source\PSoC4/cyfitter_cfg.c **** * Parameters:
 162:Generated_Source\PSoC4/cyfitter_cfg.c **** *   void
 163:Generated_Source\PSoC4/cyfitter_cfg.c **** *
 164:Generated_Source\PSoC4/cyfitter_cfg.c **** * Return:
 165:Generated_Source\PSoC4/cyfitter_cfg.c **** *   void
 166:Generated_Source\PSoC4/cyfitter_cfg.c **** *
 167:Generated_Source\PSoC4/cyfitter_cfg.c **** *******************************************************************************/
 168:Generated_Source\PSoC4/cyfitter_cfg.c **** static void ClockSetup(void);
 169:Generated_Source\PSoC4/cyfitter_cfg.c **** CY_CFG_SECTION
 170:Generated_Source\PSoC4/cyfitter_cfg.c **** static void ClockSetup(void)
 171:Generated_Source\PSoC4/cyfitter_cfg.c **** {
  27              		.loc 1 171 0
  28              		.cfi_startproc
  29              		@ args = 0, pretend = 0, frame = 0
  30              		@ frame_needed = 0, uses_anonymous_args = 0
  31 0000 10B5     		push	{r4, lr}
  32              		.cfi_def_cfa_offset 8
  33              		.cfi_offset 4, -8
  34              		.cfi_offset 14, -4
 172:Generated_Source\PSoC4/cyfitter_cfg.c **** 
 173:Generated_Source\PSoC4/cyfitter_cfg.c **** 	/* Set Flash Cycles based on max possible frequency in case a glitch occurs during ClockSetup(). *
 174:Generated_Source\PSoC4/cyfitter_cfg.c **** 	CY_SET_REG32((void CYXDATA *)(CYREG_CPUSS_FLASH_CTL), (0x0012u));
  35              		.loc 1 174 0
  36 0002 1222     		movs	r2, #18
  37 0004 284B     		ldr	r3, .L2
  38 0006 1A60     		str	r2, [r3]
 175:Generated_Source\PSoC4/cyfitter_cfg.c **** 	/* Update IMO to new clock speed. */
 176:Generated_Source\PSoC4/cyfitter_cfg.c **** 	CySysClkWriteImoFreq(48u);
  39              		.loc 1 176 0
  40 0008 3020     		movs	r0, #48
  41 000a FFF7FEFF 		bl	CySysClkWriteImoFreq
  42              	.LVL0:
 177:Generated_Source\PSoC4/cyfitter_cfg.c **** 
 178:Generated_Source\PSoC4/cyfitter_cfg.c **** 	/* Setup phase aligned clocks */
 179:Generated_Source\PSoC4/cyfitter_cfg.c **** 	CY_SET_REG32((void *)CYREG_PERI_DIV_16_CTL3, 0x00002F00u);
  43              		.loc 1 179 0
  44 000e BC22     		movs	r2, #188
  45 0010 9201     		lsls	r2, r2, #6
  46 0012 264B     		ldr	r3, .L2+4
  47 0014 1A60     		str	r2, [r3]
 180:Generated_Source\PSoC4/cyfitter_cfg.c **** 	CY_SET_REG32((void *)CYREG_PERI_DIV_CMD, 0x8000FF43u);
  48              		.loc 1 180 0
ARM GAS  C:\Users\exp32\AppData\Local\Temp\ccyEZEVA.s 			page 5


  49 0016 264B     		ldr	r3, .L2+8
  50 0018 264A     		ldr	r2, .L2+12
  51 001a 1A60     		str	r2, [r3]
 181:Generated_Source\PSoC4/cyfitter_cfg.c **** 	CY_SET_REG32((void *)CYREG_PERI_DIV_16_CTL2, 0x00000300u);
  52              		.loc 1 181 0
  53 001c C021     		movs	r1, #192
  54 001e 8900     		lsls	r1, r1, #2
  55 0020 254A     		ldr	r2, .L2+16
  56 0022 1160     		str	r1, [r2]
 182:Generated_Source\PSoC4/cyfitter_cfg.c **** 	CY_SET_REG32((void *)CYREG_PERI_DIV_CMD, 0x8000FF42u);
  57              		.loc 1 182 0
  58 0024 254A     		ldr	r2, .L2+20
  59 0026 1A60     		str	r2, [r3]
 183:Generated_Source\PSoC4/cyfitter_cfg.c **** 	CY_SET_REG32((void *)CYREG_PERI_DIV_16_CTL0, 0x0000FE00u);
  60              		.loc 1 183 0
  61 0028 FE21     		movs	r1, #254
  62 002a 0902     		lsls	r1, r1, #8
  63 002c 244A     		ldr	r2, .L2+24
  64 002e 1160     		str	r1, [r2]
 184:Generated_Source\PSoC4/cyfitter_cfg.c **** 	CY_SET_REG32((void *)CYREG_PERI_DIV_CMD, 0x8000FF40u);
  65              		.loc 1 184 0
  66 0030 244A     		ldr	r2, .L2+28
  67 0032 1A60     		str	r2, [r3]
 185:Generated_Source\PSoC4/cyfitter_cfg.c **** 	CY_SET_REG32((void *)CYREG_PERI_DIV_16_CTL5, 0x0000CF00u);
  68              		.loc 1 185 0
  69 0034 CF22     		movs	r2, #207
  70 0036 1202     		lsls	r2, r2, #8
  71 0038 2349     		ldr	r1, .L2+32
  72 003a 0A60     		str	r2, [r1]
 186:Generated_Source\PSoC4/cyfitter_cfg.c **** 	CY_SET_REG32((void *)CYREG_PERI_DIV_CMD, 0x8000FF45u);
  73              		.loc 1 186 0
  74 003c 2349     		ldr	r1, .L2+36
  75 003e 1960     		str	r1, [r3]
 187:Generated_Source\PSoC4/cyfitter_cfg.c **** 	CY_SET_REG32((void *)CYREG_PERI_DIV_16_CTL4, 0x0000CF00u);
  76              		.loc 1 187 0
  77 0040 2349     		ldr	r1, .L2+40
  78 0042 0A60     		str	r2, [r1]
 188:Generated_Source\PSoC4/cyfitter_cfg.c **** 	CY_SET_REG32((void *)CYREG_PERI_DIV_CMD, 0x8000FF44u);
  79              		.loc 1 188 0
  80 0044 2349     		ldr	r1, .L2+44
  81 0046 1960     		str	r1, [r3]
 189:Generated_Source\PSoC4/cyfitter_cfg.c **** 	CY_SET_REG32((void *)CYREG_PERI_DIV_16_CTL6, 0x0000CF00u);
  82              		.loc 1 189 0
  83 0048 2349     		ldr	r1, .L2+48
  84 004a 0A60     		str	r2, [r1]
 190:Generated_Source\PSoC4/cyfitter_cfg.c **** 	CY_SET_REG32((void *)CYREG_PERI_DIV_CMD, 0x8000FF46u);
  85              		.loc 1 190 0
  86 004c 234A     		ldr	r2, .L2+52
  87 004e 1A60     		str	r2, [r3]
 191:Generated_Source\PSoC4/cyfitter_cfg.c **** 	CY_SET_REG32((void *)CYREG_PERI_DIV_16_CTL1, 0x0001DF00u);
  88              		.loc 1 191 0
  89 0050 2349     		ldr	r1, .L2+56
  90 0052 244A     		ldr	r2, .L2+60
  91 0054 1160     		str	r1, [r2]
 192:Generated_Source\PSoC4/cyfitter_cfg.c **** 	CY_SET_REG32((void *)CYREG_PERI_DIV_CMD, 0x8000FF41u);
  92              		.loc 1 192 0
  93 0056 244A     		ldr	r2, .L2+64
ARM GAS  C:\Users\exp32\AppData\Local\Temp\ccyEZEVA.s 			page 6


  94 0058 1A60     		str	r2, [r3]
 193:Generated_Source\PSoC4/cyfitter_cfg.c **** 
 194:Generated_Source\PSoC4/cyfitter_cfg.c **** 	/* CYDEV_CLK_SELECT Starting address: CYDEV_CLK_SELECT */
 195:Generated_Source\PSoC4/cyfitter_cfg.c **** 	CY_SET_REG32((void *)(CYREG_CLK_SELECT), 0x00000020u);
  95              		.loc 1 195 0
  96 005a 2022     		movs	r2, #32
  97 005c 234B     		ldr	r3, .L2+68
  98 005e 1A60     		str	r2, [r3]
 196:Generated_Source\PSoC4/cyfitter_cfg.c **** 
 197:Generated_Source\PSoC4/cyfitter_cfg.c **** 	/* CYDEV_PERI_PCLK_CTL18 Starting address: CYDEV_PERI_PCLK_CTL18 */
 198:Generated_Source\PSoC4/cyfitter_cfg.c **** 	CY_SET_REG32((void *)(CYREG_PERI_PCLK_CTL18), 0x00000043u);
  99              		.loc 1 198 0
 100 0060 2332     		adds	r2, r2, #35
 101 0062 234B     		ldr	r3, .L2+72
 102 0064 1A60     		str	r2, [r3]
 199:Generated_Source\PSoC4/cyfitter_cfg.c **** 
 200:Generated_Source\PSoC4/cyfitter_cfg.c **** 	/* CYDEV_PERI_PCLK_CTL12 Starting address: CYDEV_PERI_PCLK_CTL12 */
 201:Generated_Source\PSoC4/cyfitter_cfg.c **** 	CY_SET_REG32((void *)(CYREG_PERI_PCLK_CTL12), 0x00000042u);
 103              		.loc 1 201 0
 104 0066 013A     		subs	r2, r2, #1
 105 0068 224B     		ldr	r3, .L2+76
 106 006a 1A60     		str	r2, [r3]
 202:Generated_Source\PSoC4/cyfitter_cfg.c **** 
 203:Generated_Source\PSoC4/cyfitter_cfg.c **** 	/* CYDEV_PERI_PCLK_CTL5 Starting address: CYDEV_PERI_PCLK_CTL5 */
 204:Generated_Source\PSoC4/cyfitter_cfg.c **** 	CY_SET_REG32((void *)(CYREG_PERI_PCLK_CTL5), 0x00000040u);
 107              		.loc 1 204 0
 108 006c 023A     		subs	r2, r2, #2
 109 006e 224B     		ldr	r3, .L2+80
 110 0070 1A60     		str	r2, [r3]
 205:Generated_Source\PSoC4/cyfitter_cfg.c **** 
 206:Generated_Source\PSoC4/cyfitter_cfg.c **** 	/* CYDEV_PERI_PCLK_CTL3 Starting address: CYDEV_PERI_PCLK_CTL3 */
 207:Generated_Source\PSoC4/cyfitter_cfg.c **** 	CY_SET_REG32((void *)(CYREG_PERI_PCLK_CTL3), 0x00000045u);
 111              		.loc 1 207 0
 112 0072 0532     		adds	r2, r2, #5
 113 0074 214B     		ldr	r3, .L2+84
 114 0076 1A60     		str	r2, [r3]
 208:Generated_Source\PSoC4/cyfitter_cfg.c **** 
 209:Generated_Source\PSoC4/cyfitter_cfg.c **** 	/* CYDEV_PERI_PCLK_CTL2 Starting address: CYDEV_PERI_PCLK_CTL2 */
 210:Generated_Source\PSoC4/cyfitter_cfg.c **** 	CY_SET_REG32((void *)(CYREG_PERI_PCLK_CTL2), 0x00000044u);
 115              		.loc 1 210 0
 116 0078 013A     		subs	r2, r2, #1
 117 007a 214B     		ldr	r3, .L2+88
 118 007c 1A60     		str	r2, [r3]
 211:Generated_Source\PSoC4/cyfitter_cfg.c **** 
 212:Generated_Source\PSoC4/cyfitter_cfg.c **** 	/* CYDEV_PERI_PCLK_CTL1 Starting address: CYDEV_PERI_PCLK_CTL1 */
 213:Generated_Source\PSoC4/cyfitter_cfg.c **** 	CY_SET_REG32((void *)(CYREG_PERI_PCLK_CTL1), 0x00000046u);
 119              		.loc 1 213 0
 120 007e 0232     		adds	r2, r2, #2
 121 0080 204B     		ldr	r3, .L2+92
 122 0082 1A60     		str	r2, [r3]
 214:Generated_Source\PSoC4/cyfitter_cfg.c **** 
 215:Generated_Source\PSoC4/cyfitter_cfg.c **** 	/* CYDEV_PERI_PCLK_CTL0 Starting address: CYDEV_PERI_PCLK_CTL0 */
 216:Generated_Source\PSoC4/cyfitter_cfg.c **** 	CY_SET_REG32((void *)(CYREG_PERI_PCLK_CTL0), 0x00000041u);
 123              		.loc 1 216 0
 124 0084 053A     		subs	r2, r2, #5
 125 0086 204B     		ldr	r3, .L2+96
 126 0088 1A60     		str	r2, [r3]
ARM GAS  C:\Users\exp32\AppData\Local\Temp\ccyEZEVA.s 			page 7


 217:Generated_Source\PSoC4/cyfitter_cfg.c **** 
 218:Generated_Source\PSoC4/cyfitter_cfg.c **** 	(void)CyIntSetVector(13u, &CySysTimerIsr);
 127              		.loc 1 218 0
 128 008a 2049     		ldr	r1, .L2+100
 129 008c 0D20     		movs	r0, #13
 130 008e FFF7FEFF 		bl	CyIntSetVector
 131              	.LVL1:
 219:Generated_Source\PSoC4/cyfitter_cfg.c **** 	CyIntEnable(13u);
 132              		.loc 1 219 0
 133 0092 0D20     		movs	r0, #13
 134 0094 FFF7FEFF 		bl	CyIntEnable
 135              	.LVL2:
 220:Generated_Source\PSoC4/cyfitter_cfg.c **** 	CY_SET_REG32((void *)(CYREG_WCO_WDT_CONFIG), 0x00000000u);
 136              		.loc 1 220 0
 137 0098 0022     		movs	r2, #0
 138 009a 1D4B     		ldr	r3, .L2+104
 139 009c 1A60     		str	r2, [r3]
 221:Generated_Source\PSoC4/cyfitter_cfg.c **** 	CySysClkSetTimerSource(CY_SYS_CLK_TIMER_SRC_ILO);
 140              		.loc 1 221 0
 141 009e 0020     		movs	r0, #0
 142 00a0 FFF7FEFF 		bl	CySysClkSetTimerSource
 143              	.LVL3:
 222:Generated_Source\PSoC4/cyfitter_cfg.c **** }
 144              		.loc 1 222 0
 145              		@ sp needed
 146 00a4 10BD     		pop	{r4, pc}
 147              	.L3:
 148 00a6 C046     		.align	2
 149              	.L2:
 150 00a8 30001040 		.word	1074790448
 151 00ac 0C030140 		.word	1073808140
 152 00b0 00000140 		.word	1073807360
 153 00b4 43FF0080 		.word	-2147418301
 154 00b8 08030140 		.word	1073808136
 155 00bc 42FF0080 		.word	-2147418302
 156 00c0 00030140 		.word	1073808128
 157 00c4 40FF0080 		.word	-2147418304
 158 00c8 14030140 		.word	1073808148
 159 00cc 45FF0080 		.word	-2147418299
 160 00d0 10030140 		.word	1073808144
 161 00d4 44FF0080 		.word	-2147418300
 162 00d8 18030140 		.word	1073808152
 163 00dc 46FF0080 		.word	-2147418298
 164 00e0 00DF0100 		.word	122624
 165 00e4 04030140 		.word	1073808132
 166 00e8 41FF0080 		.word	-2147418303
 167 00ec 28000340 		.word	1073938472
 168 00f0 48010140 		.word	1073807688
 169 00f4 30010140 		.word	1073807664
 170 00f8 14010140 		.word	1073807636
 171 00fc 0C010140 		.word	1073807628
 172 0100 08010140 		.word	1073807624
 173 0104 04010140 		.word	1073807620
 174 0108 00010140 		.word	1073807616
 175 010c 00000000 		.word	CySysTimerIsr
 176 0110 0C022240 		.word	1075970572
 177              		.cfi_endproc
ARM GAS  C:\Users\exp32\AppData\Local\Temp\ccyEZEVA.s 			page 8


 178              	.LFE4:
 179              		.size	ClockSetup, .-ClockSetup
 180              		.section	.text.SetAnalogRoutingPumps,"ax",%progbits
 181              		.align	2
 182              		.global	SetAnalogRoutingPumps
 183              		.code	16
 184              		.thumb_func
 185              		.type	SetAnalogRoutingPumps, %function
 186              	SetAnalogRoutingPumps:
 187              	.LFB6:
 223:Generated_Source\PSoC4/cyfitter_cfg.c **** 
 224:Generated_Source\PSoC4/cyfitter_cfg.c **** 
 225:Generated_Source\PSoC4/cyfitter_cfg.c **** /* Analog API Functions */
 226:Generated_Source\PSoC4/cyfitter_cfg.c **** 
 227:Generated_Source\PSoC4/cyfitter_cfg.c **** 
 228:Generated_Source\PSoC4/cyfitter_cfg.c **** /*******************************************************************************
 229:Generated_Source\PSoC4/cyfitter_cfg.c **** * Function Name: AnalogSetDefault
 230:Generated_Source\PSoC4/cyfitter_cfg.c **** ********************************************************************************
 231:Generated_Source\PSoC4/cyfitter_cfg.c **** *
 232:Generated_Source\PSoC4/cyfitter_cfg.c **** * Summary:
 233:Generated_Source\PSoC4/cyfitter_cfg.c **** *  Sets up the analog portions of the chip to default values based on chip
 234:Generated_Source\PSoC4/cyfitter_cfg.c **** *  configuration options from the project.
 235:Generated_Source\PSoC4/cyfitter_cfg.c **** *
 236:Generated_Source\PSoC4/cyfitter_cfg.c **** * Parameters:
 237:Generated_Source\PSoC4/cyfitter_cfg.c **** *  void
 238:Generated_Source\PSoC4/cyfitter_cfg.c **** *
 239:Generated_Source\PSoC4/cyfitter_cfg.c **** * Return:
 240:Generated_Source\PSoC4/cyfitter_cfg.c **** *  void
 241:Generated_Source\PSoC4/cyfitter_cfg.c **** *
 242:Generated_Source\PSoC4/cyfitter_cfg.c **** *******************************************************************************/
 243:Generated_Source\PSoC4/cyfitter_cfg.c **** static void AnalogSetDefault(void);
 244:Generated_Source\PSoC4/cyfitter_cfg.c **** static void AnalogSetDefault(void)
 245:Generated_Source\PSoC4/cyfitter_cfg.c **** {
 246:Generated_Source\PSoC4/cyfitter_cfg.c **** 	CY_SET_XTND_REG32((void CYFAR *)CYREG_CSD_SW_DSI_SEL, 0x00000011u);
 247:Generated_Source\PSoC4/cyfitter_cfg.c **** 	CY_SET_XTND_REG32((void CYFAR *)CYREG_CTBM0_DFT_CTRL, 0x00000003u);
 248:Generated_Source\PSoC4/cyfitter_cfg.c **** 	CY_SET_XTND_REG32((void CYFAR *)CYREG_SAR_CTRL, 0x80000000u);
 249:Generated_Source\PSoC4/cyfitter_cfg.c **** 	CY_SET_XTND_REG32((void CYFAR *)CYREG_SAR_MUX_SWITCH0, 0x00000040u);
 250:Generated_Source\PSoC4/cyfitter_cfg.c **** 	CY_SET_XTND_REG32((void CYFAR *)CYREG_PASS_DSAB_DSAB_CTRL, 0x00000020u);
 251:Generated_Source\PSoC4/cyfitter_cfg.c **** 	SetAnalogRoutingPumps(1);
 252:Generated_Source\PSoC4/cyfitter_cfg.c **** }
 253:Generated_Source\PSoC4/cyfitter_cfg.c **** 
 254:Generated_Source\PSoC4/cyfitter_cfg.c **** 
 255:Generated_Source\PSoC4/cyfitter_cfg.c **** /*******************************************************************************
 256:Generated_Source\PSoC4/cyfitter_cfg.c **** * Function Name: SetAnalogRoutingPumps
 257:Generated_Source\PSoC4/cyfitter_cfg.c **** ********************************************************************************
 258:Generated_Source\PSoC4/cyfitter_cfg.c **** *
 259:Generated_Source\PSoC4/cyfitter_cfg.c **** * Summary:
 260:Generated_Source\PSoC4/cyfitter_cfg.c **** * Enables or disables the analog pumps feeding analog routing switches.
 261:Generated_Source\PSoC4/cyfitter_cfg.c **** * Intended to be called at startup, based on the Vdda system configuration;
 262:Generated_Source\PSoC4/cyfitter_cfg.c **** * may be called during operation when the user informs us that the Vdda voltage crossed the pump th
 263:Generated_Source\PSoC4/cyfitter_cfg.c **** *
 264:Generated_Source\PSoC4/cyfitter_cfg.c **** * Parameters:
 265:Generated_Source\PSoC4/cyfitter_cfg.c **** *  enabled - 1 to enable the pumps, 0 to disable the pumps
 266:Generated_Source\PSoC4/cyfitter_cfg.c **** *
 267:Generated_Source\PSoC4/cyfitter_cfg.c **** * Return:
 268:Generated_Source\PSoC4/cyfitter_cfg.c **** *  void
 269:Generated_Source\PSoC4/cyfitter_cfg.c **** *
ARM GAS  C:\Users\exp32\AppData\Local\Temp\ccyEZEVA.s 			page 9


 270:Generated_Source\PSoC4/cyfitter_cfg.c **** *******************************************************************************/
 271:Generated_Source\PSoC4/cyfitter_cfg.c **** void SetAnalogRoutingPumps(uint8 enabled)
 272:Generated_Source\PSoC4/cyfitter_cfg.c **** {
 188              		.loc 1 272 0
 189              		.cfi_startproc
 190              		@ args = 0, pretend = 0, frame = 0
 191              		@ frame_needed = 0, uses_anonymous_args = 0
 192              		@ link register save eliminated.
 193              	.LVL4:
 273:Generated_Source\PSoC4/cyfitter_cfg.c **** 	uint32 regValue = CY_GET_XTND_REG32((void *)(CYREG_SAR_PUMP_CTRL));
 194              		.loc 1 273 0
 195 0000 064B     		ldr	r3, .L7
 196 0002 1B68     		ldr	r3, [r3]
 197              	.LVL5:
 274:Generated_Source\PSoC4/cyfitter_cfg.c **** 	if (enabled != 0u)
 198              		.loc 1 274 0
 199 0004 0028     		cmp	r0, #0
 200 0006 03D0     		beq	.L5
 275:Generated_Source\PSoC4/cyfitter_cfg.c **** 	{
 276:Generated_Source\PSoC4/cyfitter_cfg.c **** 		regValue |= 0x80000000u;
 201              		.loc 1 276 0
 202 0008 8022     		movs	r2, #128
 203 000a 1206     		lsls	r2, r2, #24
 204 000c 1343     		orrs	r3, r2
 205              	.LVL6:
 206 000e 01E0     		b	.L6
 207              	.L5:
 277:Generated_Source\PSoC4/cyfitter_cfg.c **** 	}
 278:Generated_Source\PSoC4/cyfitter_cfg.c **** 	else
 279:Generated_Source\PSoC4/cyfitter_cfg.c **** 	{
 280:Generated_Source\PSoC4/cyfitter_cfg.c **** 		regValue &= ~0x80000000u;
 208              		.loc 1 280 0
 209 0010 5B00     		lsls	r3, r3, #1
 210              	.LVL7:
 211 0012 5B08     		lsrs	r3, r3, #1
 212              	.LVL8:
 213              	.L6:
 281:Generated_Source\PSoC4/cyfitter_cfg.c **** 	}
 282:Generated_Source\PSoC4/cyfitter_cfg.c **** 	CY_SET_XTND_REG32((void *)(CYREG_SAR_PUMP_CTRL), regValue);
 214              		.loc 1 282 0
 215 0014 014A     		ldr	r2, .L7
 216 0016 1360     		str	r3, [r2]
 283:Generated_Source\PSoC4/cyfitter_cfg.c **** }
 217              		.loc 1 283 0
 218              		@ sp needed
 219 0018 7047     		bx	lr
 220              	.L8:
 221 001a C046     		.align	2
 222              	.L7:
 223 001c 80033A40 		.word	1077543808
 224              		.cfi_endproc
 225              	.LFE6:
 226              		.size	SetAnalogRoutingPumps, .-SetAnalogRoutingPumps
 227              		.section	.text.AnalogSetDefault,"ax",%progbits
 228              		.align	2
 229              		.code	16
 230              		.thumb_func
ARM GAS  C:\Users\exp32\AppData\Local\Temp\ccyEZEVA.s 			page 10


 231              		.type	AnalogSetDefault, %function
 232              	AnalogSetDefault:
 233              	.LFB5:
 245:Generated_Source\PSoC4/cyfitter_cfg.c **** 	CY_SET_XTND_REG32((void CYFAR *)CYREG_CSD_SW_DSI_SEL, 0x00000011u);
 234              		.loc 1 245 0
 235              		.cfi_startproc
 236              		@ args = 0, pretend = 0, frame = 0
 237              		@ frame_needed = 0, uses_anonymous_args = 0
 238 0000 10B5     		push	{r4, lr}
 239              		.cfi_def_cfa_offset 8
 240              		.cfi_offset 4, -8
 241              		.cfi_offset 14, -4
 246:Generated_Source\PSoC4/cyfitter_cfg.c **** 	CY_SET_XTND_REG32((void CYFAR *)CYREG_CTBM0_DFT_CTRL, 0x00000003u);
 242              		.loc 1 246 0
 243 0002 1122     		movs	r2, #17
 244 0004 094B     		ldr	r3, .L10
 245 0006 1A60     		str	r2, [r3]
 247:Generated_Source\PSoC4/cyfitter_cfg.c **** 	CY_SET_XTND_REG32((void CYFAR *)CYREG_SAR_CTRL, 0x80000000u);
 246              		.loc 1 247 0
 247 0008 0E3A     		subs	r2, r2, #14
 248 000a 094B     		ldr	r3, .L10+4
 249 000c 1A60     		str	r2, [r3]
 248:Generated_Source\PSoC4/cyfitter_cfg.c **** 	CY_SET_XTND_REG32((void CYFAR *)CYREG_SAR_MUX_SWITCH0, 0x00000040u);
 250              		.loc 1 248 0
 251 000e 8022     		movs	r2, #128
 252 0010 1206     		lsls	r2, r2, #24
 253 0012 084B     		ldr	r3, .L10+8
 254 0014 1A60     		str	r2, [r3]
 249:Generated_Source\PSoC4/cyfitter_cfg.c **** 	CY_SET_XTND_REG32((void CYFAR *)CYREG_PASS_DSAB_DSAB_CTRL, 0x00000020u);
 255              		.loc 1 249 0
 256 0016 4022     		movs	r2, #64
 257 0018 074B     		ldr	r3, .L10+12
 258 001a 1A60     		str	r2, [r3]
 250:Generated_Source\PSoC4/cyfitter_cfg.c **** 	SetAnalogRoutingPumps(1);
 259              		.loc 1 250 0
 260 001c 203A     		subs	r2, r2, #32
 261 001e 074B     		ldr	r3, .L10+16
 262 0020 1A60     		str	r2, [r3]
 251:Generated_Source\PSoC4/cyfitter_cfg.c **** }
 263              		.loc 1 251 0
 264 0022 0120     		movs	r0, #1
 265 0024 FFF7FEFF 		bl	SetAnalogRoutingPumps
 266              	.LVL9:
 252:Generated_Source\PSoC4/cyfitter_cfg.c **** 
 267              		.loc 1 252 0
 268              		@ sp needed
 269 0028 10BD     		pop	{r4, pc}
 270              	.L11:
 271 002a C046     		.align	2
 272              	.L10:
 273 002c C0022940 		.word	1076429504
 274 0030 30003040 		.word	1076887600
 275 0034 00003A40 		.word	1077542912
 276 0038 00033A40 		.word	1077543680
 277 003c 000E3F40 		.word	1077874176
 278              		.cfi_endproc
 279              	.LFE5:
ARM GAS  C:\Users\exp32\AppData\Local\Temp\ccyEZEVA.s 			page 11


 280              		.size	AnalogSetDefault, .-AnalogSetDefault
 281              		.section	.psocinit
 282              		.align	2
 283              		.global	cyfitter_cfg
 284              		.code	16
 285              		.thumb_func
 286              		.type	cyfitter_cfg, %function
 287              	cyfitter_cfg:
 288              	.LFB7:
 284:Generated_Source\PSoC4/cyfitter_cfg.c **** 
 285:Generated_Source\PSoC4/cyfitter_cfg.c **** 
 286:Generated_Source\PSoC4/cyfitter_cfg.c **** 
 287:Generated_Source\PSoC4/cyfitter_cfg.c **** 
 288:Generated_Source\PSoC4/cyfitter_cfg.c **** /*******************************************************************************
 289:Generated_Source\PSoC4/cyfitter_cfg.c **** * Function Name: cyfitter_cfg
 290:Generated_Source\PSoC4/cyfitter_cfg.c **** ********************************************************************************
 291:Generated_Source\PSoC4/cyfitter_cfg.c **** * Summary:
 292:Generated_Source\PSoC4/cyfitter_cfg.c **** *  This function is called by the start-up code for the selected device. It
 293:Generated_Source\PSoC4/cyfitter_cfg.c **** *  performs all of the necessary device configuration based on the design
 294:Generated_Source\PSoC4/cyfitter_cfg.c **** *  settings.  This includes settings from the Design Wide Resources (DWR) such
 295:Generated_Source\PSoC4/cyfitter_cfg.c **** *  as Clocks and Pins as well as any component configuration that is necessary.
 296:Generated_Source\PSoC4/cyfitter_cfg.c **** *
 297:Generated_Source\PSoC4/cyfitter_cfg.c **** * Parameters:
 298:Generated_Source\PSoC4/cyfitter_cfg.c **** *   void
 299:Generated_Source\PSoC4/cyfitter_cfg.c **** *
 300:Generated_Source\PSoC4/cyfitter_cfg.c **** * Return:
 301:Generated_Source\PSoC4/cyfitter_cfg.c **** *   void
 302:Generated_Source\PSoC4/cyfitter_cfg.c **** *
 303:Generated_Source\PSoC4/cyfitter_cfg.c **** *******************************************************************************/
 304:Generated_Source\PSoC4/cyfitter_cfg.c **** CY_CFG_SECTION
 305:Generated_Source\PSoC4/cyfitter_cfg.c **** void cyfitter_cfg(void)
 306:Generated_Source\PSoC4/cyfitter_cfg.c **** {
 289              		.loc 1 306 0
 290              		.cfi_startproc
 291              		@ args = 0, pretend = 0, frame = 0
 292              		@ frame_needed = 0, uses_anonymous_args = 0
 293 0114 10B5     		push	{r4, lr}
 294              		.cfi_def_cfa_offset 8
 295              		.cfi_offset 4, -8
 296              		.cfi_offset 14, -4
 307:Generated_Source\PSoC4/cyfitter_cfg.c **** 	/* Disable interrupts by default. Let user enable if/when they want. */
 308:Generated_Source\PSoC4/cyfitter_cfg.c **** 	CyGlobalIntDisable;
 297              		.loc 1 308 0
 298              		.syntax divided
 299              	@ 308 "Generated_Source\PSoC4\cyfitter_cfg.c" 1
 300 0116 72B6     		CPSID   i
 301              	@ 0 "" 2
 309:Generated_Source\PSoC4/cyfitter_cfg.c **** 
 310:Generated_Source\PSoC4/cyfitter_cfg.c **** 	{
 311:Generated_Source\PSoC4/cyfitter_cfg.c **** 		/* HSIOM Starting address: CYDEV_HSIOM_BASE */
 312:Generated_Source\PSoC4/cyfitter_cfg.c **** 		CY_SET_REG32((void *)(CYDEV_HSIOM_BASE), 0x0B000000u);
 302              		.loc 1 312 0
 303              		.thumb
 304              		.syntax unified
 305 0118 B022     		movs	r2, #176
 306 011a 1205     		lsls	r2, r2, #20
 307 011c 204B     		ldr	r3, .L13
ARM GAS  C:\Users\exp32\AppData\Local\Temp\ccyEZEVA.s 			page 12


 308 011e 1A60     		str	r2, [r3]
 313:Generated_Source\PSoC4/cyfitter_cfg.c **** 		CY_SET_REG32((void *)(CYREG_HSIOM_PORT_SEL1), 0x00080FFFu);
 309              		.loc 1 313 0
 310 0120 204A     		ldr	r2, .L13+4
 311 0122 214B     		ldr	r3, .L13+8
 312 0124 1A60     		str	r2, [r3]
 314:Generated_Source\PSoC4/cyfitter_cfg.c **** 		CY_SET_REG32((void *)(CYREG_HSIOM_PORT_SEL2), 0x00090000u);
 313              		.loc 1 314 0
 314 0126 9022     		movs	r2, #144
 315 0128 1203     		lsls	r2, r2, #12
 316 012a 204B     		ldr	r3, .L13+12
 317 012c 1A60     		str	r2, [r3]
 315:Generated_Source\PSoC4/cyfitter_cfg.c **** 		CY_SET_REG32((void *)(CYREG_HSIOM_PORT_SEL3), 0x0000EE90u);
 318              		.loc 1 315 0
 319 012e 204A     		ldr	r2, .L13+16
 320 0130 204B     		ldr	r3, .L13+20
 321 0132 1A60     		str	r2, [r3]
 316:Generated_Source\PSoC4/cyfitter_cfg.c **** 
 317:Generated_Source\PSoC4/cyfitter_cfg.c **** 	}
 318:Generated_Source\PSoC4/cyfitter_cfg.c **** 
 319:Generated_Source\PSoC4/cyfitter_cfg.c **** 	/* Perform second pass device configuration. These items must be configured in specific order afte
 320:Generated_Source\PSoC4/cyfitter_cfg.c **** 	/* IOPINS0_0 Starting address: CYDEV_GPIO_PRT0_BASE */
 321:Generated_Source\PSoC4/cyfitter_cfg.c **** 	CY_SET_REG32((void *)(CYDEV_GPIO_PRT0_BASE), 0x0000005Fu);
 322              		.loc 1 321 0
 323 0134 5F22     		movs	r2, #95
 324 0136 204B     		ldr	r3, .L13+24
 325 0138 1A60     		str	r2, [r3]
 322:Generated_Source\PSoC4/cyfitter_cfg.c **** 	CY_SET_REG32((void *)(CYREG_GPIO_PRT0_PC), 0x00180000u);
 326              		.loc 1 322 0
 327 013a C022     		movs	r2, #192
 328 013c 5203     		lsls	r2, r2, #13
 329 013e 1F4B     		ldr	r3, .L13+28
 330 0140 1A60     		str	r2, [r3]
 323:Generated_Source\PSoC4/cyfitter_cfg.c **** 	CY_SET_REG32((void *)(CYREG_GPIO_PRT0_PC2), 0x0000007Fu);
 331              		.loc 1 323 0
 332 0142 7F22     		movs	r2, #127
 333 0144 1E4B     		ldr	r3, .L13+32
 334 0146 1A60     		str	r2, [r3]
 324:Generated_Source\PSoC4/cyfitter_cfg.c **** 
 325:Generated_Source\PSoC4/cyfitter_cfg.c **** 	/* IOPINS0_1 Starting address: CYDEV_GPIO_PRT1_BASE */
 326:Generated_Source\PSoC4/cyfitter_cfg.c **** 	CY_SET_REG32((void *)(CYDEV_GPIO_PRT1_BASE), 0x00000015u);
 335              		.loc 1 326 0
 336 0148 6A3A     		subs	r2, r2, #106
 337 014a 1E4B     		ldr	r3, .L13+36
 338 014c 1A60     		str	r2, [r3]
 327:Generated_Source\PSoC4/cyfitter_cfg.c **** 	CY_SET_REG32((void *)(CYREG_GPIO_PRT1_PC), 0x00C0638Eu);
 339              		.loc 1 327 0
 340 014e 1E4A     		ldr	r2, .L13+40
 341 0150 1E4B     		ldr	r3, .L13+44
 342 0152 1A60     		str	r2, [r3]
 328:Generated_Source\PSoC4/cyfitter_cfg.c **** 	CY_SET_REG32((void *)(CYREG_GPIO_PRT1_PC2), 0x00000005u);
 343              		.loc 1 328 0
 344 0154 0522     		movs	r2, #5
 345 0156 1E4B     		ldr	r3, .L13+48
 346 0158 1A60     		str	r2, [r3]
 329:Generated_Source\PSoC4/cyfitter_cfg.c **** 
 330:Generated_Source\PSoC4/cyfitter_cfg.c **** 	/* IOPINS0_2 Starting address: CYDEV_GPIO_PRT2_BASE */
ARM GAS  C:\Users\exp32\AppData\Local\Temp\ccyEZEVA.s 			page 13


 331:Generated_Source\PSoC4/cyfitter_cfg.c **** 	CY_SET_REG32((void *)(CYDEV_GPIO_PRT2_BASE), 0x00000040u);
 347              		.loc 1 331 0
 348 015a 4023     		movs	r3, #64
 349 015c 1D4A     		ldr	r2, .L13+52
 350 015e 1360     		str	r3, [r2]
 332:Generated_Source\PSoC4/cyfitter_cfg.c **** 	CY_SET_REG32((void *)(CYREG_GPIO_PRT2_PC), 0x00001C00u);
 351              		.loc 1 332 0
 352 0160 E021     		movs	r1, #224
 353 0162 4901     		lsls	r1, r1, #5
 354 0164 1C4A     		ldr	r2, .L13+56
 355 0166 1160     		str	r1, [r2]
 333:Generated_Source\PSoC4/cyfitter_cfg.c **** 	CY_SET_REG32((void *)(CYREG_GPIO_PRT2_PC2), 0x00000040u);
 356              		.loc 1 333 0
 357 0168 1C4A     		ldr	r2, .L13+60
 358 016a 1360     		str	r3, [r2]
 334:Generated_Source\PSoC4/cyfitter_cfg.c **** 
 335:Generated_Source\PSoC4/cyfitter_cfg.c **** 	/* IOPINS0_3 Starting address: CYDEV_GPIO_PRT3_BASE */
 336:Generated_Source\PSoC4/cyfitter_cfg.c **** 	CY_SET_REG32((void *)(CYDEV_GPIO_PRT3_BASE), 0x000000F2u);
 359              		.loc 1 336 0
 360 016c B233     		adds	r3, r3, #178
 361 016e 1C4A     		ldr	r2, .L13+64
 362 0170 1360     		str	r3, [r2]
 337:Generated_Source\PSoC4/cyfitter_cfg.c **** 	CY_SET_REG32((void *)(CYREG_GPIO_PRT3_PC), 0x00000DB0u);
 363              		.loc 1 337 0
 364 0172 DB21     		movs	r1, #219
 365 0174 0901     		lsls	r1, r1, #4
 366 0176 1B4A     		ldr	r2, .L13+68
 367 0178 1160     		str	r1, [r2]
 338:Generated_Source\PSoC4/cyfitter_cfg.c **** 	CY_SET_REG32((void *)(CYREG_GPIO_PRT3_PC2), 0x000000F2u);
 368              		.loc 1 338 0
 369 017a 1B4A     		ldr	r2, .L13+72
 370 017c 1360     		str	r3, [r2]
 339:Generated_Source\PSoC4/cyfitter_cfg.c **** 
 340:Generated_Source\PSoC4/cyfitter_cfg.c **** 	/* IOPINS0_4 Starting address: CYDEV_GPIO_PRT4_BASE */
 341:Generated_Source\PSoC4/cyfitter_cfg.c **** 	CY_SET_REG32((void *)(CYDEV_GPIO_PRT4_BASE), 0x0000000Bu);
 371              		.loc 1 341 0
 372 017e 0B22     		movs	r2, #11
 373 0180 1A4B     		ldr	r3, .L13+76
 374 0182 1A60     		str	r2, [r3]
 342:Generated_Source\PSoC4/cyfitter_cfg.c **** 	CY_SET_REG32((void *)(CYREG_GPIO_PRT4_PC2), 0x0000000Fu);
 375              		.loc 1 342 0
 376 0184 0432     		adds	r2, r2, #4
 377 0186 1A4B     		ldr	r3, .L13+80
 378 0188 1A60     		str	r2, [r3]
 343:Generated_Source\PSoC4/cyfitter_cfg.c **** 
 344:Generated_Source\PSoC4/cyfitter_cfg.c **** 	/* IOPINS0_6 Starting address: CYDEV_GPIO_PRT6_BASE */
 345:Generated_Source\PSoC4/cyfitter_cfg.c **** 	CY_SET_REG32((void *)(CYDEV_GPIO_PRT6_BASE), 0x00000036u);
 379              		.loc 1 345 0
 380 018a 3623     		movs	r3, #54
 381 018c 194A     		ldr	r2, .L13+84
 382 018e 1360     		str	r3, [r2]
 346:Generated_Source\PSoC4/cyfitter_cfg.c **** 	CY_SET_REG32((void *)(CYREG_GPIO_PRT6_PC2), 0x00000036u);
 383              		.loc 1 346 0
 384 0190 194A     		ldr	r2, .L13+88
 385 0192 1360     		str	r3, [r2]
 347:Generated_Source\PSoC4/cyfitter_cfg.c **** 
 348:Generated_Source\PSoC4/cyfitter_cfg.c **** 
ARM GAS  C:\Users\exp32\AppData\Local\Temp\ccyEZEVA.s 			page 14


 349:Generated_Source\PSoC4/cyfitter_cfg.c **** 	/* Setup clocks based on selections from Clock DWR */
 350:Generated_Source\PSoC4/cyfitter_cfg.c **** 	ClockSetup();
 386              		.loc 1 350 0
 387 0194 FFF734FF 		bl	ClockSetup
 388              	.LVL10:
 351:Generated_Source\PSoC4/cyfitter_cfg.c **** 
 352:Generated_Source\PSoC4/cyfitter_cfg.c **** 	/* Perform basic analog initialization to defaults */
 353:Generated_Source\PSoC4/cyfitter_cfg.c **** 	AnalogSetDefault();
 389              		.loc 1 353 0
 390 0198 FFF7FEFF 		bl	AnalogSetDefault
 391              	.LVL11:
 354:Generated_Source\PSoC4/cyfitter_cfg.c **** 
 355:Generated_Source\PSoC4/cyfitter_cfg.c **** }
 392              		.loc 1 355 0
 393              		@ sp needed
 394 019c 10BD     		pop	{r4, pc}
 395              	.L14:
 396 019e C046     		.align	2
 397              	.L13:
 398 01a0 00000240 		.word	1073872896
 399 01a4 FF0F0800 		.word	528383
 400 01a8 00010240 		.word	1073873152
 401 01ac 00020240 		.word	1073873408
 402 01b0 90EE0000 		.word	61072
 403 01b4 00030240 		.word	1073873664
 404 01b8 00000440 		.word	1074003968
 405 01bc 08000440 		.word	1074003976
 406 01c0 18000440 		.word	1074003992
 407 01c4 00010440 		.word	1074004224
 408 01c8 8E63C000 		.word	12608398
 409 01cc 08010440 		.word	1074004232
 410 01d0 18010440 		.word	1074004248
 411 01d4 00020440 		.word	1074004480
 412 01d8 08020440 		.word	1074004488
 413 01dc 18020440 		.word	1074004504
 414 01e0 00030440 		.word	1074004736
 415 01e4 08030440 		.word	1074004744
 416 01e8 18030440 		.word	1074004760
 417 01ec 00040440 		.word	1074004992
 418 01f0 18040440 		.word	1074005016
 419 01f4 00060440 		.word	1074005504
 420 01f8 18060440 		.word	1074005528
 421              		.cfi_endproc
 422              	.LFE7:
 423              		.size	cyfitter_cfg, .-cyfitter_cfg
 424              		.text
 425              	.Letext0:
 426              		.file 2 "Generated_Source\\PSoC4\\cytypes.h"
 427              		.file 3 "Generated_Source\\PSoC4\\CyLib.h"
 428              		.file 4 "Generated_Source\\PSoC4\\CyLFClk.h"
 429              		.section	.debug_info,"",%progbits
 430              	.Ldebug_info0:
 431 0000 C2010000 		.4byte	0x1c2
 432 0004 0400     		.2byte	0x4
 433 0006 00000000 		.4byte	.Ldebug_abbrev0
 434 000a 04       		.byte	0x4
 435 000b 01       		.uleb128 0x1
ARM GAS  C:\Users\exp32\AppData\Local\Temp\ccyEZEVA.s 			page 15


 436 000c 91010000 		.4byte	.LASF25
 437 0010 0C       		.byte	0xc
 438 0011 2F020000 		.4byte	.LASF26
 439 0015 48000000 		.4byte	.LASF27
 440 0019 00000000 		.4byte	.Ldebug_ranges0+0
 441 001d 00000000 		.4byte	0
 442 0021 00000000 		.4byte	.Ldebug_line0
 443 0025 02       		.uleb128 0x2
 444 0026 04       		.byte	0x4
 445 0027 05       		.byte	0x5
 446 0028 696E7400 		.ascii	"int\000"
 447 002c 03       		.uleb128 0x3
 448 002d 04       		.byte	0x4
 449 002e 07       		.byte	0x7
 450 002f 15010000 		.4byte	.LASF0
 451 0033 03       		.uleb128 0x3
 452 0034 08       		.byte	0x8
 453 0035 05       		.byte	0x5
 454 0036 42010000 		.4byte	.LASF1
 455 003a 03       		.uleb128 0x3
 456 003b 08       		.byte	0x8
 457 003c 04       		.byte	0x4
 458 003d 85010000 		.4byte	.LASF2
 459 0041 03       		.uleb128 0x3
 460 0042 01       		.byte	0x1
 461 0043 06       		.byte	0x6
 462 0044 23020000 		.4byte	.LASF3
 463 0048 03       		.uleb128 0x3
 464 0049 01       		.byte	0x1
 465 004a 08       		.byte	0x8
 466 004b B2000000 		.4byte	.LASF4
 467 004f 03       		.uleb128 0x3
 468 0050 02       		.byte	0x2
 469 0051 05       		.byte	0x5
 470 0052 5D010000 		.4byte	.LASF5
 471 0056 03       		.uleb128 0x3
 472 0057 02       		.byte	0x2
 473 0058 07       		.byte	0x7
 474 0059 99000000 		.4byte	.LASF6
 475 005d 03       		.uleb128 0x3
 476 005e 04       		.byte	0x4
 477 005f 05       		.byte	0x5
 478 0060 7C010000 		.4byte	.LASF7
 479 0064 03       		.uleb128 0x3
 480 0065 04       		.byte	0x4
 481 0066 07       		.byte	0x7
 482 0067 C0000000 		.4byte	.LASF8
 483 006b 03       		.uleb128 0x3
 484 006c 08       		.byte	0x8
 485 006d 07       		.byte	0x7
 486 006e 22010000 		.4byte	.LASF9
 487 0072 03       		.uleb128 0x3
 488 0073 04       		.byte	0x4
 489 0074 07       		.byte	0x7
 490 0075 39010000 		.4byte	.LASF10
 491 0079 03       		.uleb128 0x3
 492 007a 01       		.byte	0x1
ARM GAS  C:\Users\exp32\AppData\Local\Temp\ccyEZEVA.s 			page 16


 493 007b 08       		.byte	0x8
 494 007c 50010000 		.4byte	.LASF11
 495 0080 04       		.uleb128 0x4
 496 0081 D2000000 		.4byte	.LASF12
 497 0085 02       		.byte	0x2
 498 0086 FB01     		.2byte	0x1fb
 499 0088 48000000 		.4byte	0x48
 500 008c 04       		.uleb128 0x4
 501 008d 0E010000 		.4byte	.LASF13
 502 0091 02       		.byte	0x2
 503 0092 FD01     		.2byte	0x1fd
 504 0094 64000000 		.4byte	0x64
 505 0098 03       		.uleb128 0x3
 506 0099 04       		.byte	0x4
 507 009a 04       		.byte	0x4
 508 009b AC000000 		.4byte	.LASF14
 509 009f 03       		.uleb128 0x3
 510 00a0 08       		.byte	0x8
 511 00a1 04       		.byte	0x4
 512 00a2 FB000000 		.4byte	.LASF15
 513 00a6 04       		.uleb128 0x4
 514 00a7 00000000 		.4byte	.LASF16
 515 00ab 02       		.byte	0x2
 516 00ac A702     		.2byte	0x2a7
 517 00ae B2000000 		.4byte	0xb2
 518 00b2 05       		.uleb128 0x5
 519 00b3 8C000000 		.4byte	0x8c
 520 00b7 06       		.uleb128 0x6
 521 00b8 3D000000 		.4byte	.LASF17
 522 00bc 01       		.byte	0x1
 523 00bd AA       		.byte	0xaa
 524 00be 00000000 		.4byte	.LFB4
 525 00c2 14010000 		.4byte	.LFE4-.LFB4
 526 00c6 01       		.uleb128 0x1
 527 00c7 9C       		.byte	0x9c
 528 00c8 16010000 		.4byte	0x116
 529 00cc 07       		.uleb128 0x7
 530 00cd 0E000000 		.4byte	.LVL0
 531 00d1 99010000 		.4byte	0x199
 532 00d5 E0000000 		.4byte	0xe0
 533 00d9 08       		.uleb128 0x8
 534 00da 01       		.uleb128 0x1
 535 00db 50       		.byte	0x50
 536 00dc 02       		.uleb128 0x2
 537 00dd 08       		.byte	0x8
 538 00de 30       		.byte	0x30
 539 00df 00       		.byte	0
 540 00e0 07       		.uleb128 0x7
 541 00e1 92000000 		.4byte	.LVL1
 542 00e5 A4010000 		.4byte	0x1a4
 543 00e9 F3000000 		.4byte	0xf3
 544 00ed 08       		.uleb128 0x8
 545 00ee 01       		.uleb128 0x1
 546 00ef 50       		.byte	0x50
 547 00f0 01       		.uleb128 0x1
 548 00f1 3D       		.byte	0x3d
 549 00f2 00       		.byte	0
ARM GAS  C:\Users\exp32\AppData\Local\Temp\ccyEZEVA.s 			page 17


 550 00f3 07       		.uleb128 0x7
 551 00f4 98000000 		.4byte	.LVL2
 552 00f8 AF010000 		.4byte	0x1af
 553 00fc 06010000 		.4byte	0x106
 554 0100 08       		.uleb128 0x8
 555 0101 01       		.uleb128 0x1
 556 0102 50       		.byte	0x50
 557 0103 01       		.uleb128 0x1
 558 0104 3D       		.byte	0x3d
 559 0105 00       		.byte	0
 560 0106 09       		.uleb128 0x9
 561 0107 A4000000 		.4byte	.LVL3
 562 010b BA010000 		.4byte	0x1ba
 563 010f 08       		.uleb128 0x8
 564 0110 01       		.uleb128 0x1
 565 0111 50       		.byte	0x50
 566 0112 01       		.uleb128 0x1
 567 0113 30       		.byte	0x30
 568 0114 00       		.byte	0
 569 0115 00       		.byte	0
 570 0116 0A       		.uleb128 0xa
 571 0117 E5000000 		.4byte	.LASF19
 572 011b 01       		.byte	0x1
 573 011c 0F01     		.2byte	0x10f
 574 011e 00000000 		.4byte	.LFB6
 575 0122 20000000 		.4byte	.LFE6-.LFB6
 576 0126 01       		.uleb128 0x1
 577 0127 9C       		.byte	0x9c
 578 0128 4B010000 		.4byte	0x14b
 579 012c 0B       		.uleb128 0xb
 580 012d 55010000 		.4byte	.LASF28
 581 0131 01       		.byte	0x1
 582 0132 0F01     		.2byte	0x10f
 583 0134 80000000 		.4byte	0x80
 584 0138 01       		.uleb128 0x1
 585 0139 50       		.byte	0x50
 586 013a 0C       		.uleb128 0xc
 587 013b 55020000 		.4byte	.LASF29
 588 013f 01       		.byte	0x1
 589 0140 1101     		.2byte	0x111
 590 0142 8C000000 		.4byte	0x8c
 591 0146 00000000 		.4byte	.LLST0
 592 014a 00       		.byte	0
 593 014b 06       		.uleb128 0x6
 594 014c 06000000 		.4byte	.LASF18
 595 0150 01       		.byte	0x1
 596 0151 F4       		.byte	0xf4
 597 0152 00000000 		.4byte	.LFB5
 598 0156 40000000 		.4byte	.LFE5-.LFB5
 599 015a 01       		.uleb128 0x1
 600 015b 9C       		.byte	0x9c
 601 015c 70010000 		.4byte	0x170
 602 0160 09       		.uleb128 0x9
 603 0161 28000000 		.4byte	.LVL9
 604 0165 16010000 		.4byte	0x116
 605 0169 08       		.uleb128 0x8
 606 016a 01       		.uleb128 0x1
ARM GAS  C:\Users\exp32\AppData\Local\Temp\ccyEZEVA.s 			page 18


 607 016b 50       		.byte	0x50
 608 016c 01       		.uleb128 0x1
 609 016d 31       		.byte	0x31
 610 016e 00       		.byte	0
 611 016f 00       		.byte	0
 612 0170 0A       		.uleb128 0xa
 613 0171 D8000000 		.4byte	.LASF20
 614 0175 01       		.byte	0x1
 615 0176 3101     		.2byte	0x131
 616 0178 14010000 		.4byte	.LFB7
 617 017c E8000000 		.4byte	.LFE7-.LFB7
 618 0180 01       		.uleb128 0x1
 619 0181 9C       		.byte	0x9c
 620 0182 99010000 		.4byte	0x199
 621 0186 0D       		.uleb128 0xd
 622 0187 98010000 		.4byte	.LVL10
 623 018b B7000000 		.4byte	0xb7
 624 018f 0D       		.uleb128 0xd
 625 0190 9C010000 		.4byte	.LVL11
 626 0194 4B010000 		.4byte	0x14b
 627 0198 00       		.byte	0
 628 0199 0E       		.uleb128 0xe
 629 019a 67010000 		.4byte	.LASF21
 630 019e 67010000 		.4byte	.LASF21
 631 01a2 03       		.byte	0x3
 632 01a3 6C       		.byte	0x6c
 633 01a4 0E       		.uleb128 0xe
 634 01a5 2E000000 		.4byte	.LASF22
 635 01a9 2E000000 		.4byte	.LASF22
 636 01ad 03       		.byte	0x3
 637 01ae D0       		.byte	0xd0
 638 01af 0E       		.uleb128 0xe
 639 01b0 02010000 		.4byte	.LASF23
 640 01b4 02010000 		.4byte	.LASF23
 641 01b8 03       		.byte	0x3
 642 01b9 D6       		.byte	0xd6
 643 01ba 0E       		.uleb128 0xe
 644 01bb 17000000 		.4byte	.LASF24
 645 01bf 17000000 		.4byte	.LASF24
 646 01c3 04       		.byte	0x4
 647 01c4 9F       		.byte	0x9f
 648 01c5 00       		.byte	0
 649              		.section	.debug_abbrev,"",%progbits
 650              	.Ldebug_abbrev0:
 651 0000 01       		.uleb128 0x1
 652 0001 11       		.uleb128 0x11
 653 0002 01       		.byte	0x1
 654 0003 25       		.uleb128 0x25
 655 0004 0E       		.uleb128 0xe
 656 0005 13       		.uleb128 0x13
 657 0006 0B       		.uleb128 0xb
 658 0007 03       		.uleb128 0x3
 659 0008 0E       		.uleb128 0xe
 660 0009 1B       		.uleb128 0x1b
 661 000a 0E       		.uleb128 0xe
 662 000b 55       		.uleb128 0x55
 663 000c 17       		.uleb128 0x17
ARM GAS  C:\Users\exp32\AppData\Local\Temp\ccyEZEVA.s 			page 19


 664 000d 11       		.uleb128 0x11
 665 000e 01       		.uleb128 0x1
 666 000f 10       		.uleb128 0x10
 667 0010 17       		.uleb128 0x17
 668 0011 00       		.byte	0
 669 0012 00       		.byte	0
 670 0013 02       		.uleb128 0x2
 671 0014 24       		.uleb128 0x24
 672 0015 00       		.byte	0
 673 0016 0B       		.uleb128 0xb
 674 0017 0B       		.uleb128 0xb
 675 0018 3E       		.uleb128 0x3e
 676 0019 0B       		.uleb128 0xb
 677 001a 03       		.uleb128 0x3
 678 001b 08       		.uleb128 0x8
 679 001c 00       		.byte	0
 680 001d 00       		.byte	0
 681 001e 03       		.uleb128 0x3
 682 001f 24       		.uleb128 0x24
 683 0020 00       		.byte	0
 684 0021 0B       		.uleb128 0xb
 685 0022 0B       		.uleb128 0xb
 686 0023 3E       		.uleb128 0x3e
 687 0024 0B       		.uleb128 0xb
 688 0025 03       		.uleb128 0x3
 689 0026 0E       		.uleb128 0xe
 690 0027 00       		.byte	0
 691 0028 00       		.byte	0
 692 0029 04       		.uleb128 0x4
 693 002a 16       		.uleb128 0x16
 694 002b 00       		.byte	0
 695 002c 03       		.uleb128 0x3
 696 002d 0E       		.uleb128 0xe
 697 002e 3A       		.uleb128 0x3a
 698 002f 0B       		.uleb128 0xb
 699 0030 3B       		.uleb128 0x3b
 700 0031 05       		.uleb128 0x5
 701 0032 49       		.uleb128 0x49
 702 0033 13       		.uleb128 0x13
 703 0034 00       		.byte	0
 704 0035 00       		.byte	0
 705 0036 05       		.uleb128 0x5
 706 0037 35       		.uleb128 0x35
 707 0038 00       		.byte	0
 708 0039 49       		.uleb128 0x49
 709 003a 13       		.uleb128 0x13
 710 003b 00       		.byte	0
 711 003c 00       		.byte	0
 712 003d 06       		.uleb128 0x6
 713 003e 2E       		.uleb128 0x2e
 714 003f 01       		.byte	0x1
 715 0040 03       		.uleb128 0x3
 716 0041 0E       		.uleb128 0xe
 717 0042 3A       		.uleb128 0x3a
 718 0043 0B       		.uleb128 0xb
 719 0044 3B       		.uleb128 0x3b
 720 0045 0B       		.uleb128 0xb
ARM GAS  C:\Users\exp32\AppData\Local\Temp\ccyEZEVA.s 			page 20


 721 0046 27       		.uleb128 0x27
 722 0047 19       		.uleb128 0x19
 723 0048 11       		.uleb128 0x11
 724 0049 01       		.uleb128 0x1
 725 004a 12       		.uleb128 0x12
 726 004b 06       		.uleb128 0x6
 727 004c 40       		.uleb128 0x40
 728 004d 18       		.uleb128 0x18
 729 004e 9742     		.uleb128 0x2117
 730 0050 19       		.uleb128 0x19
 731 0051 01       		.uleb128 0x1
 732 0052 13       		.uleb128 0x13
 733 0053 00       		.byte	0
 734 0054 00       		.byte	0
 735 0055 07       		.uleb128 0x7
 736 0056 898201   		.uleb128 0x4109
 737 0059 01       		.byte	0x1
 738 005a 11       		.uleb128 0x11
 739 005b 01       		.uleb128 0x1
 740 005c 31       		.uleb128 0x31
 741 005d 13       		.uleb128 0x13
 742 005e 01       		.uleb128 0x1
 743 005f 13       		.uleb128 0x13
 744 0060 00       		.byte	0
 745 0061 00       		.byte	0
 746 0062 08       		.uleb128 0x8
 747 0063 8A8201   		.uleb128 0x410a
 748 0066 00       		.byte	0
 749 0067 02       		.uleb128 0x2
 750 0068 18       		.uleb128 0x18
 751 0069 9142     		.uleb128 0x2111
 752 006b 18       		.uleb128 0x18
 753 006c 00       		.byte	0
 754 006d 00       		.byte	0
 755 006e 09       		.uleb128 0x9
 756 006f 898201   		.uleb128 0x4109
 757 0072 01       		.byte	0x1
 758 0073 11       		.uleb128 0x11
 759 0074 01       		.uleb128 0x1
 760 0075 31       		.uleb128 0x31
 761 0076 13       		.uleb128 0x13
 762 0077 00       		.byte	0
 763 0078 00       		.byte	0
 764 0079 0A       		.uleb128 0xa
 765 007a 2E       		.uleb128 0x2e
 766 007b 01       		.byte	0x1
 767 007c 3F       		.uleb128 0x3f
 768 007d 19       		.uleb128 0x19
 769 007e 03       		.uleb128 0x3
 770 007f 0E       		.uleb128 0xe
 771 0080 3A       		.uleb128 0x3a
 772 0081 0B       		.uleb128 0xb
 773 0082 3B       		.uleb128 0x3b
 774 0083 05       		.uleb128 0x5
 775 0084 27       		.uleb128 0x27
 776 0085 19       		.uleb128 0x19
 777 0086 11       		.uleb128 0x11
ARM GAS  C:\Users\exp32\AppData\Local\Temp\ccyEZEVA.s 			page 21


 778 0087 01       		.uleb128 0x1
 779 0088 12       		.uleb128 0x12
 780 0089 06       		.uleb128 0x6
 781 008a 40       		.uleb128 0x40
 782 008b 18       		.uleb128 0x18
 783 008c 9742     		.uleb128 0x2117
 784 008e 19       		.uleb128 0x19
 785 008f 01       		.uleb128 0x1
 786 0090 13       		.uleb128 0x13
 787 0091 00       		.byte	0
 788 0092 00       		.byte	0
 789 0093 0B       		.uleb128 0xb
 790 0094 05       		.uleb128 0x5
 791 0095 00       		.byte	0
 792 0096 03       		.uleb128 0x3
 793 0097 0E       		.uleb128 0xe
 794 0098 3A       		.uleb128 0x3a
 795 0099 0B       		.uleb128 0xb
 796 009a 3B       		.uleb128 0x3b
 797 009b 05       		.uleb128 0x5
 798 009c 49       		.uleb128 0x49
 799 009d 13       		.uleb128 0x13
 800 009e 02       		.uleb128 0x2
 801 009f 18       		.uleb128 0x18
 802 00a0 00       		.byte	0
 803 00a1 00       		.byte	0
 804 00a2 0C       		.uleb128 0xc
 805 00a3 34       		.uleb128 0x34
 806 00a4 00       		.byte	0
 807 00a5 03       		.uleb128 0x3
 808 00a6 0E       		.uleb128 0xe
 809 00a7 3A       		.uleb128 0x3a
 810 00a8 0B       		.uleb128 0xb
 811 00a9 3B       		.uleb128 0x3b
 812 00aa 05       		.uleb128 0x5
 813 00ab 49       		.uleb128 0x49
 814 00ac 13       		.uleb128 0x13
 815 00ad 02       		.uleb128 0x2
 816 00ae 17       		.uleb128 0x17
 817 00af 00       		.byte	0
 818 00b0 00       		.byte	0
 819 00b1 0D       		.uleb128 0xd
 820 00b2 898201   		.uleb128 0x4109
 821 00b5 00       		.byte	0
 822 00b6 11       		.uleb128 0x11
 823 00b7 01       		.uleb128 0x1
 824 00b8 31       		.uleb128 0x31
 825 00b9 13       		.uleb128 0x13
 826 00ba 00       		.byte	0
 827 00bb 00       		.byte	0
 828 00bc 0E       		.uleb128 0xe
 829 00bd 2E       		.uleb128 0x2e
 830 00be 00       		.byte	0
 831 00bf 3F       		.uleb128 0x3f
 832 00c0 19       		.uleb128 0x19
 833 00c1 3C       		.uleb128 0x3c
 834 00c2 19       		.uleb128 0x19
ARM GAS  C:\Users\exp32\AppData\Local\Temp\ccyEZEVA.s 			page 22


 835 00c3 6E       		.uleb128 0x6e
 836 00c4 0E       		.uleb128 0xe
 837 00c5 03       		.uleb128 0x3
 838 00c6 0E       		.uleb128 0xe
 839 00c7 3A       		.uleb128 0x3a
 840 00c8 0B       		.uleb128 0xb
 841 00c9 3B       		.uleb128 0x3b
 842 00ca 0B       		.uleb128 0xb
 843 00cb 00       		.byte	0
 844 00cc 00       		.byte	0
 845 00cd 00       		.byte	0
 846              		.section	.debug_loc,"",%progbits
 847              	.Ldebug_loc0:
 848              	.LLST0:
 849 0000 04000000 		.4byte	.LVL5
 850 0004 12000000 		.4byte	.LVL7
 851 0008 0100     		.2byte	0x1
 852 000a 53       		.byte	0x53
 853 000b 14000000 		.4byte	.LVL8
 854 000f 20000000 		.4byte	.LFE6
 855 0013 0100     		.2byte	0x1
 856 0015 53       		.byte	0x53
 857 0016 00000000 		.4byte	0
 858 001a 00000000 		.4byte	0
 859              		.section	.debug_aranges,"",%progbits
 860 0000 34000000 		.4byte	0x34
 861 0004 0200     		.2byte	0x2
 862 0006 00000000 		.4byte	.Ldebug_info0
 863 000a 04       		.byte	0x4
 864 000b 00       		.byte	0
 865 000c 0000     		.2byte	0
 866 000e 0000     		.2byte	0
 867 0010 00000000 		.4byte	.LFB4
 868 0014 14010000 		.4byte	.LFE4-.LFB4
 869 0018 00000000 		.4byte	.LFB6
 870 001c 20000000 		.4byte	.LFE6-.LFB6
 871 0020 00000000 		.4byte	.LFB5
 872 0024 40000000 		.4byte	.LFE5-.LFB5
 873 0028 14010000 		.4byte	.LFB7
 874 002c E8000000 		.4byte	.LFE7-.LFB7
 875 0030 00000000 		.4byte	0
 876 0034 00000000 		.4byte	0
 877              		.section	.debug_ranges,"",%progbits
 878              	.Ldebug_ranges0:
 879 0000 00000000 		.4byte	.LFB4
 880 0004 14010000 		.4byte	.LFE4
 881 0008 00000000 		.4byte	.LFB6
 882 000c 20000000 		.4byte	.LFE6
 883 0010 00000000 		.4byte	.LFB5
 884 0014 40000000 		.4byte	.LFE5
 885 0018 14010000 		.4byte	.LFB7
 886 001c FC010000 		.4byte	.LFE7
 887 0020 00000000 		.4byte	0
 888 0024 00000000 		.4byte	0
 889              		.section	.debug_line,"",%progbits
 890              	.Ldebug_line0:
 891 0000 DF000000 		.section	.debug_str,"MS",%progbits,1
ARM GAS  C:\Users\exp32\AppData\Local\Temp\ccyEZEVA.s 			page 23


 891      02006100 
 891      00000201 
 891      FB0E0D00 
 891      01010101 
 892              	.LASF16:
 893 0000 72656733 		.ascii	"reg32\000"
 893      3200
 894              	.LASF18:
 895 0006 416E616C 		.ascii	"AnalogSetDefault\000"
 895      6F675365 
 895      74446566 
 895      61756C74 
 895      00
 896              	.LASF24:
 897 0017 43795379 		.ascii	"CySysClkSetTimerSource\000"
 897      73436C6B 
 897      53657454 
 897      696D6572 
 897      536F7572 
 898              	.LASF22:
 899 002e 4379496E 		.ascii	"CyIntSetVector\000"
 899      74536574 
 899      56656374 
 899      6F7200
 900              	.LASF17:
 901 003d 436C6F63 		.ascii	"ClockSetup\000"
 901      6B536574 
 901      757000
 902              	.LASF27:
 903 0048 433A5C55 		.ascii	"C:\\Users\\exp32\\Documents\\PSoC Creator\\Workspac"
 903      73657273 
 903      5C657870 
 903      33325C44 
 903      6F63756D 
 904 0076 6530315C 		.ascii	"e01\\CY8C4147AZI-S475_128KB_R.cydsn\000"
 904      43593843 
 904      34313437 
 904      415A492D 
 904      53343735 
 905              	.LASF6:
 906 0099 73686F72 		.ascii	"short unsigned int\000"
 906      7420756E 
 906      7369676E 
 906      65642069 
 906      6E7400
 907              	.LASF14:
 908 00ac 666C6F61 		.ascii	"float\000"
 908      7400
 909              	.LASF4:
 910 00b2 756E7369 		.ascii	"unsigned char\000"
 910      676E6564 
 910      20636861 
 910      7200
 911              	.LASF8:
 912 00c0 6C6F6E67 		.ascii	"long unsigned int\000"
 912      20756E73 
 912      69676E65 
ARM GAS  C:\Users\exp32\AppData\Local\Temp\ccyEZEVA.s 			page 24


 912      6420696E 
 912      7400
 913              	.LASF12:
 914 00d2 75696E74 		.ascii	"uint8\000"
 914      3800
 915              	.LASF20:
 916 00d8 63796669 		.ascii	"cyfitter_cfg\000"
 916      74746572 
 916      5F636667 
 916      00
 917              	.LASF19:
 918 00e5 53657441 		.ascii	"SetAnalogRoutingPumps\000"
 918      6E616C6F 
 918      67526F75 
 918      74696E67 
 918      50756D70 
 919              	.LASF15:
 920 00fb 646F7562 		.ascii	"double\000"
 920      6C6500
 921              	.LASF23:
 922 0102 4379496E 		.ascii	"CyIntEnable\000"
 922      74456E61 
 922      626C6500 
 923              	.LASF13:
 924 010e 75696E74 		.ascii	"uint32\000"
 924      333200
 925              	.LASF0:
 926 0115 756E7369 		.ascii	"unsigned int\000"
 926      676E6564 
 926      20696E74 
 926      00
 927              	.LASF9:
 928 0122 6C6F6E67 		.ascii	"long long unsigned int\000"
 928      206C6F6E 
 928      6720756E 
 928      7369676E 
 928      65642069 
 929              	.LASF10:
 930 0139 73697A65 		.ascii	"sizetype\000"
 930      74797065 
 930      00
 931              	.LASF1:
 932 0142 6C6F6E67 		.ascii	"long long int\000"
 932      206C6F6E 
 932      6720696E 
 932      7400
 933              	.LASF11:
 934 0150 63686172 		.ascii	"char\000"
 934      00
 935              	.LASF28:
 936 0155 656E6162 		.ascii	"enabled\000"
 936      6C656400 
 937              	.LASF5:
 938 015d 73686F72 		.ascii	"short int\000"
 938      7420696E 
 938      7400
 939              	.LASF21:
ARM GAS  C:\Users\exp32\AppData\Local\Temp\ccyEZEVA.s 			page 25


 940 0167 43795379 		.ascii	"CySysClkWriteImoFreq\000"
 940      73436C6B 
 940      57726974 
 940      65496D6F 
 940      46726571 
 941              	.LASF7:
 942 017c 6C6F6E67 		.ascii	"long int\000"
 942      20696E74 
 942      00
 943              	.LASF2:
 944 0185 6C6F6E67 		.ascii	"long double\000"
 944      20646F75 
 944      626C6500 
 945              	.LASF25:
 946 0191 474E5520 		.ascii	"GNU C11 5.4.1 20160609 (release) [ARM/embedded-5-br"
 946      43313120 
 946      352E342E 
 946      31203230 
 946      31363036 
 947 01c4 616E6368 		.ascii	"anch revision 237715] -mcpu=cortex-m0plus -mthumb -"
 947      20726576 
 947      6973696F 
 947      6E203233 
 947      37373135 
 948 01f7 67202D4F 		.ascii	"g -Og -ffunction-sections -ffat-lto-objects\000"
 948      67202D66 
 948      66756E63 
 948      74696F6E 
 948      2D736563 
 949              	.LASF3:
 950 0223 7369676E 		.ascii	"signed char\000"
 950      65642063 
 950      68617200 
 951              	.LASF26:
 952 022f 47656E65 		.ascii	"Generated_Source\\PSoC4\\cyfitter_cfg.c\000"
 952      72617465 
 952      645F536F 
 952      75726365 
 952      5C50536F 
 953              	.LASF29:
 954 0255 72656756 		.ascii	"regValue\000"
 954      616C7565 
 954      00
 955              		.ident	"GCC: (GNU Tools for ARM Embedded Processors) 5.4.1 20160609 (release) [ARM/embedded-5-bran
